2019-03-08 13:07:43.719  INFO 20208 --- [main] com.ajin.sboot.TestRedis                 : Starting TestRedis on DESKTOP-96TM18F with PID 20208 (started by Japoul in E:\Project\JAVA\sboot)
2019-03-08 13:07:43.762  INFO 20208 --- [main] com.ajin.sboot.TestRedis                 : No active profile set, falling back to default profiles: default
2019-03-08 13:07:45.284  INFO 20208 --- [main] .s.d.r.c.RepositoryConfigurationDelegate : Multiple Spring Data modules found, entering strict repository configuration mode!
2019-03-08 13:07:45.287  INFO 20208 --- [main] .s.d.r.c.RepositoryConfigurationDelegate : Bootstrapping Spring Data repositories in DEFAULT mode.
2019-03-08 13:07:45.521  INFO 20208 --- [main] .s.d.r.c.RepositoryConfigurationDelegate : Finished Spring Data repository scanning in 222ms. Found 1 repository interfaces.
2019-03-08 13:07:45.541  INFO 20208 --- [main] .s.d.r.c.RepositoryConfigurationDelegate : Multiple Spring Data modules found, entering strict repository configuration mode!
2019-03-08 13:07:45.543  INFO 20208 --- [main] .s.d.r.c.RepositoryConfigurationDelegate : Bootstrapping Spring Data repositories in DEFAULT mode.
2019-03-08 13:07:45.572  INFO 20208 --- [main] .RepositoryConfigurationExtensionSupport : Spring Data Redis - Could not safely identify store assignment for repository candidate interface com.ajin.sboot.dao.EmpRepository.
2019-03-08 13:07:45.573  INFO 20208 --- [main] .s.d.r.c.RepositoryConfigurationDelegate : Finished Spring Data repository scanning in 11ms. Found 0 repository interfaces.
2019-03-08 13:07:46.232  INFO 20208 --- [main] trationDelegate$BeanPostProcessorChecker : Bean 'org.springframework.transaction.annotation.ProxyTransactionManagementConfiguration' of type [org.springframework.transaction.annotation.ProxyTransactionManagementConfiguration$$EnhancerBySpringCGLIB$$9f31813c] is not eligible for getting processed by all BeanPostProcessors (for example: not eligible for auto-proxying)
2019-03-08 13:07:46.289  INFO 20208 --- [main] trationDelegate$BeanPostProcessorChecker : Bean 'redisConfig' of type [com.ajin.sboot.conf.RedisConfig$$EnhancerBySpringCGLIB$$be911510] is not eligible for getting processed by all BeanPostProcessors (for example: not eligible for auto-proxying)
2019-03-08 13:07:47.108  INFO 20208 --- [main] com.zaxxer.hikari.HikariDataSource       : HikariPool-1 - Starting...
2019-03-08 13:07:47.442  INFO 20208 --- [main] com.zaxxer.hikari.HikariDataSource       : HikariPool-1 - Start completed.
2019-03-08 13:07:49.935  INFO 20208 --- [main] j.LocalContainerEntityManagerFactoryBean : Initialized JPA EntityManagerFactory for persistence unit 'default'
2019-03-08 13:07:51.830  INFO 20208 --- [main] o.s.s.concurrent.ThreadPoolTaskExecutor  : Initializing ExecutorService 'applicationTaskExecutor'
2019-03-08 13:07:51.925  WARN 20208 --- [main] aWebConfiguration$JpaWebMvcConfiguration : spring.jpa.open-in-view is enabled by default. Therefore, database queries may be performed during view rendering. Explicitly configure spring.jpa.open-in-view to disable this warning
2019-03-08 13:07:52.713  INFO 20208 --- [main] com.ajin.sboot.TestRedis                 : Started TestRedis in 9.937 seconds (JVM running for 11.669)
2019-03-08 13:07:53.027  INFO 20208 --- [main] io.lettuce.core.EpollProvider            : Starting without optional epoll library
2019-03-08 13:07:53.029  INFO 20208 --- [main] io.lettuce.core.KqueueProvider           : Starting without optional kqueue library
2019-03-08 13:07:55.067  INFO 20208 --- [Thread-3] o.s.s.concurrent.ThreadPoolTaskExecutor  : Shutting down ExecutorService 'applicationTaskExecutor'
2019-03-08 13:07:55.068  INFO 20208 --- [Thread-3] j.LocalContainerEntityManagerFactoryBean : Closing JPA EntityManagerFactory for persistence unit 'default'
2019-03-08 13:07:55.072  INFO 20208 --- [Thread-3] com.zaxxer.hikari.HikariDataSource       : HikariPool-1 - Shutdown initiated...
2019-03-08 13:07:55.102  INFO 20208 --- [Thread-3] com.zaxxer.hikari.HikariDataSource       : HikariPool-1 - Shutdown completed.
2019-03-08 13:09:28.309  INFO 25532 --- [main] com.ajin.sboot.TestRedis                 : Starting TestRedis on DESKTOP-96TM18F with PID 25532 (started by Japoul in E:\Project\JAVA\sboot)
2019-03-08 13:09:28.313  INFO 25532 --- [main] com.ajin.sboot.TestRedis                 : No active profile set, falling back to default profiles: default
2019-03-08 13:09:29.946  INFO 25532 --- [main] .s.d.r.c.RepositoryConfigurationDelegate : Multiple Spring Data modules found, entering strict repository configuration mode!
2019-03-08 13:09:29.949  INFO 25532 --- [main] .s.d.r.c.RepositoryConfigurationDelegate : Bootstrapping Spring Data repositories in DEFAULT mode.
2019-03-08 13:09:30.124  INFO 25532 --- [main] .s.d.r.c.RepositoryConfigurationDelegate : Finished Spring Data repository scanning in 164ms. Found 1 repository interfaces.
2019-03-08 13:09:30.136  INFO 25532 --- [main] .s.d.r.c.RepositoryConfigurationDelegate : Multiple Spring Data modules found, entering strict repository configuration mode!
2019-03-08 13:09:30.137  INFO 25532 --- [main] .s.d.r.c.RepositoryConfigurationDelegate : Bootstrapping Spring Data repositories in DEFAULT mode.
2019-03-08 13:09:30.152  INFO 25532 --- [main] .RepositoryConfigurationExtensionSupport : Spring Data Redis - Could not safely identify store assignment for repository candidate interface com.ajin.sboot.dao.EmpRepository.
2019-03-08 13:09:30.153  INFO 25532 --- [main] .s.d.r.c.RepositoryConfigurationDelegate : Finished Spring Data repository scanning in 8ms. Found 0 repository interfaces.
2019-03-08 13:09:30.699  INFO 25532 --- [main] trationDelegate$BeanPostProcessorChecker : Bean 'org.springframework.transaction.annotation.ProxyTransactionManagementConfiguration' of type [org.springframework.transaction.annotation.ProxyTransactionManagementConfiguration$$EnhancerBySpringCGLIB$$2581bff4] is not eligible for getting processed by all BeanPostProcessors (for example: not eligible for auto-proxying)
2019-03-08 13:09:30.780  INFO 25532 --- [main] trationDelegate$BeanPostProcessorChecker : Bean 'redisConfig' of type [com.ajin.sboot.conf.RedisConfig$$EnhancerBySpringCGLIB$$44e153c8] is not eligible for getting processed by all BeanPostProcessors (for example: not eligible for auto-proxying)
2019-03-08 13:09:31.413  INFO 25532 --- [main] com.zaxxer.hikari.HikariDataSource       : HikariPool-1 - Starting...
2019-03-08 13:09:31.612  INFO 25532 --- [main] com.zaxxer.hikari.HikariDataSource       : HikariPool-1 - Start completed.
2019-03-08 13:09:33.631  INFO 25532 --- [main] j.LocalContainerEntityManagerFactoryBean : Initialized JPA EntityManagerFactory for persistence unit 'default'
2019-03-08 13:09:35.266  INFO 25532 --- [main] o.s.s.concurrent.ThreadPoolTaskExecutor  : Initializing ExecutorService 'applicationTaskExecutor'
2019-03-08 13:09:35.346  WARN 25532 --- [main] aWebConfiguration$JpaWebMvcConfiguration : spring.jpa.open-in-view is enabled by default. Therefore, database queries may be performed during view rendering. Explicitly configure spring.jpa.open-in-view to disable this warning
2019-03-08 13:09:36.120  INFO 25532 --- [main] com.ajin.sboot.TestRedis                 : Started TestRedis in 8.395 seconds (JVM running for 9.772)
2019-03-08 13:09:36.562  INFO 25532 --- [main] io.lettuce.core.EpollProvider            : Starting without optional epoll library
2019-03-08 13:09:36.565  INFO 25532 --- [main] io.lettuce.core.KqueueProvider           : Starting without optional kqueue library
2019-03-08 13:09:38.650  INFO 25532 --- [Thread-3] o.s.s.concurrent.ThreadPoolTaskExecutor  : Shutting down ExecutorService 'applicationTaskExecutor'
2019-03-08 13:09:38.650  INFO 25532 --- [Thread-3] j.LocalContainerEntityManagerFactoryBean : Closing JPA EntityManagerFactory for persistence unit 'default'
2019-03-08 13:09:38.654  INFO 25532 --- [Thread-3] com.zaxxer.hikari.HikariDataSource       : HikariPool-1 - Shutdown initiated...
2019-03-08 13:09:38.660  INFO 25532 --- [Thread-3] com.zaxxer.hikari.HikariDataSource       : HikariPool-1 - Shutdown completed.
2019-03-08 13:10:37.774  INFO 71536 --- [main] com.ajin.sboot.TestRedis                 : Starting TestRedis on DESKTOP-96TM18F with PID 71536 (started by Japoul in E:\Project\JAVA\sboot)
2019-03-08 13:10:37.776  INFO 71536 --- [main] com.ajin.sboot.TestRedis                 : No active profile set, falling back to default profiles: default
2019-03-08 13:10:39.362  INFO 71536 --- [main] .s.d.r.c.RepositoryConfigurationDelegate : Multiple Spring Data modules found, entering strict repository configuration mode!
2019-03-08 13:10:39.365  INFO 71536 --- [main] .s.d.r.c.RepositoryConfigurationDelegate : Bootstrapping Spring Data repositories in DEFAULT mode.
2019-03-08 13:10:39.585  INFO 71536 --- [main] .s.d.r.c.RepositoryConfigurationDelegate : Finished Spring Data repository scanning in 204ms. Found 1 repository interfaces.
2019-03-08 13:10:39.602  INFO 71536 --- [main] .s.d.r.c.RepositoryConfigurationDelegate : Multiple Spring Data modules found, entering strict repository configuration mode!
2019-03-08 13:10:39.604  INFO 71536 --- [main] .s.d.r.c.RepositoryConfigurationDelegate : Bootstrapping Spring Data repositories in DEFAULT mode.
2019-03-08 13:10:39.625  INFO 71536 --- [main] .RepositoryConfigurationExtensionSupport : Spring Data Redis - Could not safely identify store assignment for repository candidate interface com.ajin.sboot.dao.EmpRepository.
2019-03-08 13:10:39.625  INFO 71536 --- [main] .s.d.r.c.RepositoryConfigurationDelegate : Finished Spring Data repository scanning in 10ms. Found 0 repository interfaces.
2019-03-08 13:10:40.179  INFO 71536 --- [main] trationDelegate$BeanPostProcessorChecker : Bean 'org.springframework.transaction.annotation.ProxyTransactionManagementConfiguration' of type [org.springframework.transaction.annotation.ProxyTransactionManagementConfiguration$$EnhancerBySpringCGLIB$$dbc929f7] is not eligible for getting processed by all BeanPostProcessors (for example: not eligible for auto-proxying)
2019-03-08 13:10:40.248  INFO 71536 --- [main] trationDelegate$BeanPostProcessorChecker : Bean 'redisConfig' of type [com.ajin.sboot.conf.RedisConfig$$EnhancerBySpringCGLIB$$fb28bdcb] is not eligible for getting processed by all BeanPostProcessors (for example: not eligible for auto-proxying)
2019-03-08 13:10:40.927  INFO 71536 --- [main] com.zaxxer.hikari.HikariDataSource       : HikariPool-1 - Starting...
2019-03-08 13:10:41.125  INFO 71536 --- [main] com.zaxxer.hikari.HikariDataSource       : HikariPool-1 - Start completed.
2019-03-08 13:10:43.160  INFO 71536 --- [main] j.LocalContainerEntityManagerFactoryBean : Initialized JPA EntityManagerFactory for persistence unit 'default'
2019-03-08 13:10:44.841  INFO 71536 --- [main] o.s.s.concurrent.ThreadPoolTaskExecutor  : Initializing ExecutorService 'applicationTaskExecutor'
2019-03-08 13:10:44.923  WARN 71536 --- [main] aWebConfiguration$JpaWebMvcConfiguration : spring.jpa.open-in-view is enabled by default. Therefore, database queries may be performed during view rendering. Explicitly configure spring.jpa.open-in-view to disable this warning
2019-03-08 13:10:45.698  INFO 71536 --- [main] com.ajin.sboot.TestRedis                 : Started TestRedis in 8.454 seconds (JVM running for 9.754)
2019-03-08 13:10:45.957  INFO 71536 --- [main] io.lettuce.core.EpollProvider            : Starting without optional epoll library
2019-03-08 13:10:45.960  INFO 71536 --- [main] io.lettuce.core.KqueueProvider           : Starting without optional kqueue library
2019-03-08 13:10:47.998  INFO 71536 --- [Thread-3] o.s.s.concurrent.ThreadPoolTaskExecutor  : Shutting down ExecutorService 'applicationTaskExecutor'
2019-03-08 13:10:47.999  INFO 71536 --- [Thread-3] j.LocalContainerEntityManagerFactoryBean : Closing JPA EntityManagerFactory for persistence unit 'default'
2019-03-08 13:10:48.003  INFO 71536 --- [Thread-3] com.zaxxer.hikari.HikariDataSource       : HikariPool-1 - Shutdown initiated...
2019-03-08 13:10:48.007  INFO 71536 --- [Thread-3] com.zaxxer.hikari.HikariDataSource       : HikariPool-1 - Shutdown completed.
2019-03-08 13:13:11.495  INFO 112600 --- [main] com.ajin.sboot.TestRedis                 : Starting TestRedis on DESKTOP-96TM18F with PID 112600 (started by Japoul in E:\Project\JAVA\sboot)
2019-03-08 13:13:11.504  INFO 112600 --- [main] com.ajin.sboot.TestRedis                 : No active profile set, falling back to default profiles: default
2019-03-08 13:13:13.089  INFO 112600 --- [main] .s.d.r.c.RepositoryConfigurationDelegate : Multiple Spring Data modules found, entering strict repository configuration mode!
2019-03-08 13:13:13.091  INFO 112600 --- [main] .s.d.r.c.RepositoryConfigurationDelegate : Bootstrapping Spring Data repositories in DEFAULT mode.
2019-03-08 13:13:13.274  INFO 112600 --- [main] .s.d.r.c.RepositoryConfigurationDelegate : Finished Spring Data repository scanning in 173ms. Found 1 repository interfaces.
2019-03-08 13:13:13.289  INFO 112600 --- [main] .s.d.r.c.RepositoryConfigurationDelegate : Multiple Spring Data modules found, entering strict repository configuration mode!
2019-03-08 13:13:13.291  INFO 112600 --- [main] .s.d.r.c.RepositoryConfigurationDelegate : Bootstrapping Spring Data repositories in DEFAULT mode.
2019-03-08 13:13:13.309  INFO 112600 --- [main] .RepositoryConfigurationExtensionSupport : Spring Data Redis - Could not safely identify store assignment for repository candidate interface com.ajin.sboot.dao.EmpRepository.
2019-03-08 13:13:13.310  INFO 112600 --- [main] .s.d.r.c.RepositoryConfigurationDelegate : Finished Spring Data repository scanning in 10ms. Found 0 repository interfaces.
2019-03-08 13:13:13.879  INFO 112600 --- [main] trationDelegate$BeanPostProcessorChecker : Bean 'org.springframework.transaction.annotation.ProxyTransactionManagementConfiguration' of type [org.springframework.transaction.annotation.ProxyTransactionManagementConfiguration$$EnhancerBySpringCGLIB$$36c599d2] is not eligible for getting processed by all BeanPostProcessors (for example: not eligible for auto-proxying)
2019-03-08 13:13:13.951  INFO 112600 --- [main] trationDelegate$BeanPostProcessorChecker : Bean 'redisConfig' of type [com.ajin.sboot.conf.RedisConfig$$EnhancerBySpringCGLIB$$56252da6] is not eligible for getting processed by all BeanPostProcessors (for example: not eligible for auto-proxying)
2019-03-08 13:13:14.588  INFO 112600 --- [main] com.zaxxer.hikari.HikariDataSource       : HikariPool-1 - Starting...
2019-03-08 13:13:14.788  INFO 112600 --- [main] com.zaxxer.hikari.HikariDataSource       : HikariPool-1 - Start completed.
2019-03-08 13:13:16.692  INFO 112600 --- [main] j.LocalContainerEntityManagerFactoryBean : Initialized JPA EntityManagerFactory for persistence unit 'default'
2019-03-08 13:13:18.250  INFO 112600 --- [main] o.s.s.concurrent.ThreadPoolTaskExecutor  : Initializing ExecutorService 'applicationTaskExecutor'
2019-03-08 13:13:18.320  WARN 112600 --- [main] aWebConfiguration$JpaWebMvcConfiguration : spring.jpa.open-in-view is enabled by default. Therefore, database queries may be performed during view rendering. Explicitly configure spring.jpa.open-in-view to disable this warning
2019-03-08 13:13:19.165  INFO 112600 --- [main] com.ajin.sboot.TestRedis                 : Started TestRedis in 8.119 seconds (JVM running for 9.316)
2019-03-08 13:13:19.429  INFO 112600 --- [main] io.lettuce.core.EpollProvider            : Starting without optional epoll library
2019-03-08 13:13:19.432  INFO 112600 --- [main] io.lettuce.core.KqueueProvider           : Starting without optional kqueue library
2019-03-08 13:13:21.487  INFO 112600 --- [Thread-3] o.s.s.concurrent.ThreadPoolTaskExecutor  : Shutting down ExecutorService 'applicationTaskExecutor'
2019-03-08 13:13:21.488  INFO 112600 --- [Thread-3] j.LocalContainerEntityManagerFactoryBean : Closing JPA EntityManagerFactory for persistence unit 'default'
2019-03-08 13:13:21.491  INFO 112600 --- [Thread-3] com.zaxxer.hikari.HikariDataSource       : HikariPool-1 - Shutdown initiated...
2019-03-08 13:13:21.497  INFO 112600 --- [Thread-3] com.zaxxer.hikari.HikariDataSource       : HikariPool-1 - Shutdown completed.
2019-03-08 13:22:48.239  INFO 162664 --- [main] com.ajin.sboot.TestRedis                 : Starting TestRedis on DESKTOP-96TM18F with PID 162664 (started by Japoul in E:\Project\JAVA\sboot)
2019-03-08 13:22:48.241  INFO 162664 --- [main] com.ajin.sboot.TestRedis                 : No active profile set, falling back to default profiles: default
2019-03-08 13:22:49.900  INFO 162664 --- [main] .s.d.r.c.RepositoryConfigurationDelegate : Multiple Spring Data modules found, entering strict repository configuration mode!
2019-03-08 13:22:49.902  INFO 162664 --- [main] .s.d.r.c.RepositoryConfigurationDelegate : Bootstrapping Spring Data repositories in DEFAULT mode.
2019-03-08 13:22:50.103  INFO 162664 --- [main] .s.d.r.c.RepositoryConfigurationDelegate : Finished Spring Data repository scanning in 188ms. Found 1 repository interfaces.
2019-03-08 13:22:50.124  INFO 162664 --- [main] .s.d.r.c.RepositoryConfigurationDelegate : Multiple Spring Data modules found, entering strict repository configuration mode!
2019-03-08 13:22:50.125  INFO 162664 --- [main] .s.d.r.c.RepositoryConfigurationDelegate : Bootstrapping Spring Data repositories in DEFAULT mode.
2019-03-08 13:22:50.140  INFO 162664 --- [main] .RepositoryConfigurationExtensionSupport : Spring Data Redis - Could not safely identify store assignment for repository candidate interface com.ajin.sboot.dao.EmpRepository.
2019-03-08 13:22:50.141  INFO 162664 --- [main] .s.d.r.c.RepositoryConfigurationDelegate : Finished Spring Data repository scanning in 8ms. Found 0 repository interfaces.
2019-03-08 13:22:50.713  INFO 162664 --- [main] trationDelegate$BeanPostProcessorChecker : Bean 'org.springframework.transaction.annotation.ProxyTransactionManagementConfiguration' of type [org.springframework.transaction.annotation.ProxyTransactionManagementConfiguration$$EnhancerBySpringCGLIB$$ae56cff3] is not eligible for getting processed by all BeanPostProcessors (for example: not eligible for auto-proxying)
2019-03-08 13:22:50.773  INFO 162664 --- [main] trationDelegate$BeanPostProcessorChecker : Bean 'redisConfig' of type [com.ajin.sboot.conf.RedisConfig$$EnhancerBySpringCGLIB$$cdb663c7] is not eligible for getting processed by all BeanPostProcessors (for example: not eligible for auto-proxying)
2019-03-08 13:22:51.459  INFO 162664 --- [main] com.zaxxer.hikari.HikariDataSource       : HikariPool-1 - Starting...
2019-03-08 13:22:51.658  INFO 162664 --- [main] com.zaxxer.hikari.HikariDataSource       : HikariPool-1 - Start completed.
2019-03-08 13:22:53.915  INFO 162664 --- [main] j.LocalContainerEntityManagerFactoryBean : Initialized JPA EntityManagerFactory for persistence unit 'default'
2019-03-08 13:22:55.734  INFO 162664 --- [main] o.s.s.concurrent.ThreadPoolTaskExecutor  : Initializing ExecutorService 'applicationTaskExecutor'
2019-03-08 13:22:55.813  WARN 162664 --- [main] aWebConfiguration$JpaWebMvcConfiguration : spring.jpa.open-in-view is enabled by default. Therefore, database queries may be performed during view rendering. Explicitly configure spring.jpa.open-in-view to disable this warning
2019-03-08 13:22:56.558  INFO 162664 --- [main] com.ajin.sboot.TestRedis                 : Started TestRedis in 8.783 seconds (JVM running for 9.976)
2019-03-08 13:22:56.831  INFO 162664 --- [main] io.lettuce.core.EpollProvider            : Starting without optional epoll library
2019-03-08 13:22:56.834  INFO 162664 --- [main] io.lettuce.core.KqueueProvider           : Starting without optional kqueue library
2019-03-08 13:22:58.855  INFO 162664 --- [Thread-3] o.s.s.concurrent.ThreadPoolTaskExecutor  : Shutting down ExecutorService 'applicationTaskExecutor'
2019-03-08 13:22:58.856  INFO 162664 --- [Thread-3] j.LocalContainerEntityManagerFactoryBean : Closing JPA EntityManagerFactory for persistence unit 'default'
2019-03-08 13:22:58.861  INFO 162664 --- [Thread-3] com.zaxxer.hikari.HikariDataSource       : HikariPool-1 - Shutdown initiated...
2019-03-08 13:22:58.867  INFO 162664 --- [Thread-3] com.zaxxer.hikari.HikariDataSource       : HikariPool-1 - Shutdown completed.
2019-03-08 13:30:35.732  INFO 204672 --- [main] com.ajin.sboot.TestRedis                 : Starting TestRedis on DESKTOP-96TM18F with PID 204672 (started by Japoul in E:\Project\JAVA\sboot)
2019-03-08 13:30:35.763  INFO 204672 --- [main] com.ajin.sboot.TestRedis                 : No active profile set, falling back to default profiles: default
2019-03-08 13:30:37.360  INFO 204672 --- [main] .s.d.r.c.RepositoryConfigurationDelegate : Multiple Spring Data modules found, entering strict repository configuration mode!
2019-03-08 13:30:37.365  INFO 204672 --- [main] .s.d.r.c.RepositoryConfigurationDelegate : Bootstrapping Spring Data repositories in DEFAULT mode.
2019-03-08 13:30:37.602  INFO 204672 --- [main] .s.d.r.c.RepositoryConfigurationDelegate : Finished Spring Data repository scanning in 222ms. Found 1 repository interfaces.
2019-03-08 13:30:37.621  INFO 204672 --- [main] .s.d.r.c.RepositoryConfigurationDelegate : Multiple Spring Data modules found, entering strict repository configuration mode!
2019-03-08 13:30:37.622  INFO 204672 --- [main] .s.d.r.c.RepositoryConfigurationDelegate : Bootstrapping Spring Data repositories in DEFAULT mode.
2019-03-08 13:30:37.637  INFO 204672 --- [main] .RepositoryConfigurationExtensionSupport : Spring Data Redis - Could not safely identify store assignment for repository candidate interface com.ajin.sboot.dao.EmpRepository.
2019-03-08 13:30:37.638  INFO 204672 --- [main] .s.d.r.c.RepositoryConfigurationDelegate : Finished Spring Data repository scanning in 8ms. Found 0 repository interfaces.
2019-03-08 13:30:38.235  INFO 204672 --- [main] trationDelegate$BeanPostProcessorChecker : Bean 'org.springframework.transaction.annotation.ProxyTransactionManagementConfiguration' of type [org.springframework.transaction.annotation.ProxyTransactionManagementConfiguration$$EnhancerBySpringCGLIB$$99ab4eac] is not eligible for getting processed by all BeanPostProcessors (for example: not eligible for auto-proxying)
2019-03-08 13:30:38.298  INFO 204672 --- [main] trationDelegate$BeanPostProcessorChecker : Bean 'redisConfig' of type [com.ajin.sboot.conf.RedisConfig$$EnhancerBySpringCGLIB$$b90ae280] is not eligible for getting processed by all BeanPostProcessors (for example: not eligible for auto-proxying)
2019-03-08 13:30:38.927  INFO 204672 --- [main] com.zaxxer.hikari.HikariDataSource       : HikariPool-1 - Starting...
2019-03-08 13:30:39.096  INFO 204672 --- [main] com.zaxxer.hikari.HikariDataSource       : HikariPool-1 - Start completed.
2019-03-08 13:30:41.046  INFO 204672 --- [main] j.LocalContainerEntityManagerFactoryBean : Initialized JPA EntityManagerFactory for persistence unit 'default'
2019-03-08 13:30:42.714  INFO 204672 --- [main] o.s.s.concurrent.ThreadPoolTaskExecutor  : Initializing ExecutorService 'applicationTaskExecutor'
2019-03-08 13:30:42.797  WARN 204672 --- [main] aWebConfiguration$JpaWebMvcConfiguration : spring.jpa.open-in-view is enabled by default. Therefore, database queries may be performed during view rendering. Explicitly configure spring.jpa.open-in-view to disable this warning
2019-03-08 13:30:43.494  INFO 204672 --- [main] com.ajin.sboot.TestRedis                 : Started TestRedis in 8.203 seconds (JVM running for 9.405)
2019-03-08 13:30:43.802  INFO 204672 --- [main] io.lettuce.core.EpollProvider            : Starting without optional epoll library
2019-03-08 13:30:43.805  INFO 204672 --- [main] io.lettuce.core.KqueueProvider           : Starting without optional kqueue library
2019-03-08 13:30:44.881  INFO 204672 --- [Thread-3] o.s.s.concurrent.ThreadPoolTaskExecutor  : Shutting down ExecutorService 'applicationTaskExecutor'
2019-03-08 13:30:44.882  INFO 204672 --- [Thread-3] j.LocalContainerEntityManagerFactoryBean : Closing JPA EntityManagerFactory for persistence unit 'default'
2019-03-08 13:30:44.886  INFO 204672 --- [Thread-3] com.zaxxer.hikari.HikariDataSource       : HikariPool-1 - Shutdown initiated...
2019-03-08 13:30:44.894  INFO 204672 --- [Thread-3] com.zaxxer.hikari.HikariDataSource       : HikariPool-1 - Shutdown completed.
2019-03-08 13:42:08.217  INFO 248976 --- [main] com.ajin.sboot.TestRedis                 : Starting TestRedis on DESKTOP-96TM18F with PID 248976 (started by Japoul in E:\Project\JAVA\sboot)
2019-03-08 13:42:08.245  INFO 248976 --- [main] com.ajin.sboot.TestRedis                 : No active profile set, falling back to default profiles: default
2019-03-08 13:42:09.872  INFO 248976 --- [main] .s.d.r.c.RepositoryConfigurationDelegate : Multiple Spring Data modules found, entering strict repository configuration mode!
2019-03-08 13:42:09.876  INFO 248976 --- [main] .s.d.r.c.RepositoryConfigurationDelegate : Bootstrapping Spring Data repositories in DEFAULT mode.
2019-03-08 13:42:10.128  INFO 248976 --- [main] .s.d.r.c.RepositoryConfigurationDelegate : Finished Spring Data repository scanning in 241ms. Found 1 repository interfaces.
2019-03-08 13:42:10.152  INFO 248976 --- [main] .s.d.r.c.RepositoryConfigurationDelegate : Multiple Spring Data modules found, entering strict repository configuration mode!
2019-03-08 13:42:10.156  INFO 248976 --- [main] .s.d.r.c.RepositoryConfigurationDelegate : Bootstrapping Spring Data repositories in DEFAULT mode.
2019-03-08 13:42:10.180  INFO 248976 --- [main] .RepositoryConfigurationExtensionSupport : Spring Data Redis - Could not safely identify store assignment for repository candidate interface com.ajin.sboot.dao.EmpRepository.
2019-03-08 13:42:10.181  INFO 248976 --- [main] .s.d.r.c.RepositoryConfigurationDelegate : Finished Spring Data repository scanning in 9ms. Found 0 repository interfaces.
2019-03-08 13:42:10.845  INFO 248976 --- [main] trationDelegate$BeanPostProcessorChecker : Bean 'org.springframework.transaction.annotation.ProxyTransactionManagementConfiguration' of type [org.springframework.transaction.annotation.ProxyTransactionManagementConfiguration$$EnhancerBySpringCGLIB$$2ef2d56f] is not eligible for getting processed by all BeanPostProcessors (for example: not eligible for auto-proxying)
2019-03-08 13:42:10.898  INFO 248976 --- [main] trationDelegate$BeanPostProcessorChecker : Bean 'redisConfig' of type [com.ajin.sboot.conf.RedisConfig$$EnhancerBySpringCGLIB$$4e526943] is not eligible for getting processed by all BeanPostProcessors (for example: not eligible for auto-proxying)
2019-03-08 13:42:11.563  INFO 248976 --- [main] com.zaxxer.hikari.HikariDataSource       : HikariPool-1 - Starting...
2019-03-08 13:42:11.782  INFO 248976 --- [main] com.zaxxer.hikari.HikariDataSource       : HikariPool-1 - Start completed.
2019-03-08 13:42:13.690  INFO 248976 --- [main] j.LocalContainerEntityManagerFactoryBean : Initialized JPA EntityManagerFactory for persistence unit 'default'
2019-03-08 13:42:15.447  INFO 248976 --- [main] o.s.s.concurrent.ThreadPoolTaskExecutor  : Initializing ExecutorService 'applicationTaskExecutor'
2019-03-08 13:42:15.538  WARN 248976 --- [main] aWebConfiguration$JpaWebMvcConfiguration : spring.jpa.open-in-view is enabled by default. Therefore, database queries may be performed during view rendering. Explicitly configure spring.jpa.open-in-view to disable this warning
2019-03-08 13:42:16.301  INFO 248976 --- [main] com.ajin.sboot.TestRedis                 : Started TestRedis in 8.626 seconds (JVM running for 9.926)
2019-03-08 13:42:16.570  INFO 248976 --- [main] io.lettuce.core.EpollProvider            : Starting without optional epoll library
2019-03-08 13:42:16.573  INFO 248976 --- [main] io.lettuce.core.KqueueProvider           : Starting without optional kqueue library
2019-03-08 13:42:17.702  INFO 248976 --- [Thread-3] o.s.s.concurrent.ThreadPoolTaskExecutor  : Shutting down ExecutorService 'applicationTaskExecutor'
2019-03-08 13:42:17.703  INFO 248976 --- [Thread-3] j.LocalContainerEntityManagerFactoryBean : Closing JPA EntityManagerFactory for persistence unit 'default'
2019-03-08 13:42:17.706  INFO 248976 --- [Thread-3] com.zaxxer.hikari.HikariDataSource       : HikariPool-1 - Shutdown initiated...
2019-03-08 13:42:17.714  INFO 248976 --- [Thread-3] com.zaxxer.hikari.HikariDataSource       : HikariPool-1 - Shutdown completed.
2019-03-08 13:44:09.338  INFO 265452 --- [main] com.ajin.sboot.TestRedis                 : Starting TestRedis on DESKTOP-96TM18F with PID 265452 (started by Japoul in E:\Project\JAVA\sboot)
2019-03-08 13:44:09.344  INFO 265452 --- [main] com.ajin.sboot.TestRedis                 : No active profile set, falling back to default profiles: default
2019-03-08 13:44:10.992  INFO 265452 --- [main] .s.d.r.c.RepositoryConfigurationDelegate : Multiple Spring Data modules found, entering strict repository configuration mode!
2019-03-08 13:44:10.995  INFO 265452 --- [main] .s.d.r.c.RepositoryConfigurationDelegate : Bootstrapping Spring Data repositories in DEFAULT mode.
2019-03-08 13:44:11.239  INFO 265452 --- [main] .s.d.r.c.RepositoryConfigurationDelegate : Finished Spring Data repository scanning in 224ms. Found 1 repository interfaces.
2019-03-08 13:44:11.259  INFO 265452 --- [main] .s.d.r.c.RepositoryConfigurationDelegate : Multiple Spring Data modules found, entering strict repository configuration mode!
2019-03-08 13:44:11.261  INFO 265452 --- [main] .s.d.r.c.RepositoryConfigurationDelegate : Bootstrapping Spring Data repositories in DEFAULT mode.
2019-03-08 13:44:11.277  INFO 265452 --- [main] .RepositoryConfigurationExtensionSupport : Spring Data Redis - Could not safely identify store assignment for repository candidate interface com.ajin.sboot.dao.EmpRepository.
2019-03-08 13:44:11.278  INFO 265452 --- [main] .s.d.r.c.RepositoryConfigurationDelegate : Finished Spring Data repository scanning in 8ms. Found 0 repository interfaces.
2019-03-08 13:44:11.882  INFO 265452 --- [main] trationDelegate$BeanPostProcessorChecker : Bean 'org.springframework.transaction.annotation.ProxyTransactionManagementConfiguration' of type [org.springframework.transaction.annotation.ProxyTransactionManagementConfiguration$$EnhancerBySpringCGLIB$$85740000] is not eligible for getting processed by all BeanPostProcessors (for example: not eligible for auto-proxying)
2019-03-08 13:44:11.936  INFO 265452 --- [main] trationDelegate$BeanPostProcessorChecker : Bean 'redisConfig' of type [com.ajin.sboot.conf.RedisConfig$$EnhancerBySpringCGLIB$$a4d393d4] is not eligible for getting processed by all BeanPostProcessors (for example: not eligible for auto-proxying)
2019-03-08 13:44:12.637  INFO 265452 --- [main] com.zaxxer.hikari.HikariDataSource       : HikariPool-1 - Starting...
2019-03-08 13:44:12.819  INFO 265452 --- [main] com.zaxxer.hikari.HikariDataSource       : HikariPool-1 - Start completed.
2019-03-08 13:44:14.795  INFO 265452 --- [main] j.LocalContainerEntityManagerFactoryBean : Initialized JPA EntityManagerFactory for persistence unit 'default'
2019-03-08 13:44:16.381  INFO 265452 --- [main] o.s.s.concurrent.ThreadPoolTaskExecutor  : Initializing ExecutorService 'applicationTaskExecutor'
2019-03-08 13:44:16.462  WARN 265452 --- [main] aWebConfiguration$JpaWebMvcConfiguration : spring.jpa.open-in-view is enabled by default. Therefore, database queries may be performed during view rendering. Explicitly configure spring.jpa.open-in-view to disable this warning
2019-03-08 13:44:17.267  INFO 265452 --- [main] com.ajin.sboot.TestRedis                 : Started TestRedis in 8.528 seconds (JVM running for 9.861)
2019-03-08 13:44:17.565  INFO 265452 --- [main] io.lettuce.core.EpollProvider            : Starting without optional epoll library
2019-03-08 13:44:17.569  INFO 265452 --- [main] io.lettuce.core.KqueueProvider           : Starting without optional kqueue library
2019-03-08 13:44:18.702  INFO 265452 --- [Thread-3] o.s.s.concurrent.ThreadPoolTaskExecutor  : Shutting down ExecutorService 'applicationTaskExecutor'
2019-03-08 13:44:18.703  INFO 265452 --- [Thread-3] j.LocalContainerEntityManagerFactoryBean : Closing JPA EntityManagerFactory for persistence unit 'default'
2019-03-08 13:44:18.706  INFO 265452 --- [Thread-3] com.zaxxer.hikari.HikariDataSource       : HikariPool-1 - Shutdown initiated...
2019-03-08 13:44:18.714  INFO 265452 --- [Thread-3] com.zaxxer.hikari.HikariDataSource       : HikariPool-1 - Shutdown completed.
2019-03-08 13:45:52.521  INFO 65560 --- [main] com.ajin.sboot.TestRedis                 : Starting TestRedis on DESKTOP-96TM18F with PID 65560 (started by Japoul in E:\Project\JAVA\sboot)
2019-03-08 13:45:52.524  INFO 65560 --- [main] com.ajin.sboot.TestRedis                 : No active profile set, falling back to default profiles: default
2019-03-08 13:45:54.118  INFO 65560 --- [main] .s.d.r.c.RepositoryConfigurationDelegate : Multiple Spring Data modules found, entering strict repository configuration mode!
2019-03-08 13:45:54.122  INFO 65560 --- [main] .s.d.r.c.RepositoryConfigurationDelegate : Bootstrapping Spring Data repositories in DEFAULT mode.
2019-03-08 13:45:54.351  INFO 65560 --- [main] .s.d.r.c.RepositoryConfigurationDelegate : Finished Spring Data repository scanning in 214ms. Found 1 repository interfaces.
2019-03-08 13:45:54.371  INFO 65560 --- [main] .s.d.r.c.RepositoryConfigurationDelegate : Multiple Spring Data modules found, entering strict repository configuration mode!
2019-03-08 13:45:54.373  INFO 65560 --- [main] .s.d.r.c.RepositoryConfigurationDelegate : Bootstrapping Spring Data repositories in DEFAULT mode.
2019-03-08 13:45:54.390  INFO 65560 --- [main] .RepositoryConfigurationExtensionSupport : Spring Data Redis - Could not safely identify store assignment for repository candidate interface com.ajin.sboot.dao.EmpRepository.
2019-03-08 13:45:54.391  INFO 65560 --- [main] .s.d.r.c.RepositoryConfigurationDelegate : Finished Spring Data repository scanning in 9ms. Found 0 repository interfaces.
2019-03-08 13:45:54.913  INFO 65560 --- [main] trationDelegate$BeanPostProcessorChecker : Bean 'org.springframework.transaction.annotation.ProxyTransactionManagementConfiguration' of type [org.springframework.transaction.annotation.ProxyTransactionManagementConfiguration$$EnhancerBySpringCGLIB$$fba57a75] is not eligible for getting processed by all BeanPostProcessors (for example: not eligible for auto-proxying)
2019-03-08 13:45:54.963  INFO 65560 --- [main] trationDelegate$BeanPostProcessorChecker : Bean 'redisConfig' of type [com.ajin.sboot.conf.RedisConfig$$EnhancerBySpringCGLIB$$1b050e49] is not eligible for getting processed by all BeanPostProcessors (for example: not eligible for auto-proxying)
2019-03-08 13:45:55.568  INFO 65560 --- [main] com.zaxxer.hikari.HikariDataSource       : HikariPool-1 - Starting...
2019-03-08 13:45:55.761  INFO 65560 --- [main] com.zaxxer.hikari.HikariDataSource       : HikariPool-1 - Start completed.
2019-03-08 13:45:57.619  INFO 65560 --- [main] j.LocalContainerEntityManagerFactoryBean : Initialized JPA EntityManagerFactory for persistence unit 'default'
2019-03-08 13:45:59.148  INFO 65560 --- [main] o.s.s.concurrent.ThreadPoolTaskExecutor  : Initializing ExecutorService 'applicationTaskExecutor'
2019-03-08 13:45:59.223  WARN 65560 --- [main] aWebConfiguration$JpaWebMvcConfiguration : spring.jpa.open-in-view is enabled by default. Therefore, database queries may be performed during view rendering. Explicitly configure spring.jpa.open-in-view to disable this warning
2019-03-08 13:45:59.975  INFO 65560 --- [main] com.ajin.sboot.TestRedis                 : Started TestRedis in 7.887 seconds (JVM running for 9.104)
2019-03-08 13:46:00.266  INFO 65560 --- [main] io.lettuce.core.EpollProvider            : Starting without optional epoll library
2019-03-08 13:46:00.268  INFO 65560 --- [main] io.lettuce.core.KqueueProvider           : Starting without optional kqueue library
2019-03-08 13:46:11.304  INFO 65560 --- [Thread-3] o.s.s.concurrent.ThreadPoolTaskExecutor  : Shutting down ExecutorService 'applicationTaskExecutor'
2019-03-08 13:46:11.306  INFO 65560 --- [Thread-3] j.LocalContainerEntityManagerFactoryBean : Closing JPA EntityManagerFactory for persistence unit 'default'
2019-03-08 13:46:11.309  INFO 65560 --- [Thread-3] com.zaxxer.hikari.HikariDataSource       : HikariPool-1 - Shutdown initiated...
2019-03-08 13:46:11.316  INFO 65560 --- [Thread-3] com.zaxxer.hikari.HikariDataSource       : HikariPool-1 - Shutdown completed.
2019-03-08 13:51:05.113  INFO 222996 --- [main] com.ajin.sboot.TestRedis                 : Starting TestRedis on DESKTOP-96TM18F with PID 222996 (started by Japoul in E:\Project\JAVA\sboot)
2019-03-08 13:51:05.119  INFO 222996 --- [main] com.ajin.sboot.TestRedis                 : No active profile set, falling back to default profiles: default
2019-03-08 13:51:06.921  INFO 222996 --- [main] .s.d.r.c.RepositoryConfigurationDelegate : Multiple Spring Data modules found, entering strict repository configuration mode!
2019-03-08 13:51:06.925  INFO 222996 --- [main] .s.d.r.c.RepositoryConfigurationDelegate : Bootstrapping Spring Data repositories in DEFAULT mode.
2019-03-08 13:51:07.270  INFO 222996 --- [main] .s.d.r.c.RepositoryConfigurationDelegate : Finished Spring Data repository scanning in 327ms. Found 1 repository interfaces.
2019-03-08 13:51:07.296  INFO 222996 --- [main] .s.d.r.c.RepositoryConfigurationDelegate : Multiple Spring Data modules found, entering strict repository configuration mode!
2019-03-08 13:51:07.299  INFO 222996 --- [main] .s.d.r.c.RepositoryConfigurationDelegate : Bootstrapping Spring Data repositories in DEFAULT mode.
2019-03-08 13:51:07.323  INFO 222996 --- [main] .RepositoryConfigurationExtensionSupport : Spring Data Redis - Could not safely identify store assignment for repository candidate interface com.ajin.sboot.dao.EmpRepository.
2019-03-08 13:51:07.324  INFO 222996 --- [main] .s.d.r.c.RepositoryConfigurationDelegate : Finished Spring Data repository scanning in 10ms. Found 0 repository interfaces.
2019-03-08 13:51:08.079  INFO 222996 --- [main] trationDelegate$BeanPostProcessorChecker : Bean 'org.springframework.transaction.annotation.ProxyTransactionManagementConfiguration' of type [org.springframework.transaction.annotation.ProxyTransactionManagementConfiguration$$EnhancerBySpringCGLIB$$625635c6] is not eligible for getting processed by all BeanPostProcessors (for example: not eligible for auto-proxying)
2019-03-08 13:51:08.157  INFO 222996 --- [main] trationDelegate$BeanPostProcessorChecker : Bean 'redisConfig' of type [com.ajin.sboot.conf.RedisConfig$$EnhancerBySpringCGLIB$$81b5c99a] is not eligible for getting processed by all BeanPostProcessors (for example: not eligible for auto-proxying)
2019-03-08 13:51:09.069  INFO 222996 --- [main] com.zaxxer.hikari.HikariDataSource       : HikariPool-1 - Starting...
2019-03-08 13:51:09.298  INFO 222996 --- [main] com.zaxxer.hikari.HikariDataSource       : HikariPool-1 - Start completed.
2019-03-08 13:51:11.655  INFO 222996 --- [main] j.LocalContainerEntityManagerFactoryBean : Initialized JPA EntityManagerFactory for persistence unit 'default'
2019-03-08 13:51:13.593  INFO 222996 --- [main] o.s.s.concurrent.ThreadPoolTaskExecutor  : Initializing ExecutorService 'applicationTaskExecutor'
2019-03-08 13:51:13.674  WARN 222996 --- [main] aWebConfiguration$JpaWebMvcConfiguration : spring.jpa.open-in-view is enabled by default. Therefore, database queries may be performed during view rendering. Explicitly configure spring.jpa.open-in-view to disable this warning
2019-03-08 13:51:14.447  INFO 222996 --- [main] com.ajin.sboot.TestRedis                 : Started TestRedis in 9.95 seconds (JVM running for 11.797)
2019-03-08 13:51:14.756  INFO 222996 --- [main] io.lettuce.core.EpollProvider            : Starting without optional epoll library
2019-03-08 13:51:14.758  INFO 222996 --- [main] io.lettuce.core.KqueueProvider           : Starting without optional kqueue library
2019-03-08 13:51:17.007  INFO 222996 --- [Thread-3] o.s.s.concurrent.ThreadPoolTaskExecutor  : Shutting down ExecutorService 'applicationTaskExecutor'
2019-03-08 13:51:17.009  INFO 222996 --- [Thread-3] j.LocalContainerEntityManagerFactoryBean : Closing JPA EntityManagerFactory for persistence unit 'default'
2019-03-08 13:51:17.012  INFO 222996 --- [Thread-3] com.zaxxer.hikari.HikariDataSource       : HikariPool-1 - Shutdown initiated...
2019-03-08 13:51:17.020  INFO 222996 --- [Thread-3] com.zaxxer.hikari.HikariDataSource       : HikariPool-1 - Shutdown completed.
2019-03-08 13:51:33.770  INFO 66644 --- [main] com.ajin.sboot.TestRedis                 : Starting TestRedis on DESKTOP-96TM18F with PID 66644 (started by Japoul in E:\Project\JAVA\sboot)
2019-03-08 13:51:33.773  INFO 66644 --- [main] com.ajin.sboot.TestRedis                 : No active profile set, falling back to default profiles: default
2019-03-08 13:51:35.195  INFO 66644 --- [main] .s.d.r.c.RepositoryConfigurationDelegate : Multiple Spring Data modules found, entering strict repository configuration mode!
2019-03-08 13:51:35.201  INFO 66644 --- [main] .s.d.r.c.RepositoryConfigurationDelegate : Bootstrapping Spring Data repositories in DEFAULT mode.
2019-03-08 13:51:35.472  INFO 66644 --- [main] .s.d.r.c.RepositoryConfigurationDelegate : Finished Spring Data repository scanning in 252ms. Found 1 repository interfaces.
2019-03-08 13:51:35.490  INFO 66644 --- [main] .s.d.r.c.RepositoryConfigurationDelegate : Multiple Spring Data modules found, entering strict repository configuration mode!
2019-03-08 13:51:35.491  INFO 66644 --- [main] .s.d.r.c.RepositoryConfigurationDelegate : Bootstrapping Spring Data repositories in DEFAULT mode.
2019-03-08 13:51:35.510  INFO 66644 --- [main] .RepositoryConfigurationExtensionSupport : Spring Data Redis - Could not safely identify store assignment for repository candidate interface com.ajin.sboot.dao.EmpRepository.
2019-03-08 13:51:35.511  INFO 66644 --- [main] .s.d.r.c.RepositoryConfigurationDelegate : Finished Spring Data repository scanning in 9ms. Found 0 repository interfaces.
2019-03-08 13:51:36.148  INFO 66644 --- [main] trationDelegate$BeanPostProcessorChecker : Bean 'org.springframework.transaction.annotation.ProxyTransactionManagementConfiguration' of type [org.springframework.transaction.annotation.ProxyTransactionManagementConfiguration$$EnhancerBySpringCGLIB$$6a34fe19] is not eligible for getting processed by all BeanPostProcessors (for example: not eligible for auto-proxying)
2019-03-08 13:51:36.215  INFO 66644 --- [main] trationDelegate$BeanPostProcessorChecker : Bean 'redisConfig' of type [com.ajin.sboot.conf.RedisConfig$$EnhancerBySpringCGLIB$$899491ed] is not eligible for getting processed by all BeanPostProcessors (for example: not eligible for auto-proxying)
2019-03-08 13:51:36.934  INFO 66644 --- [main] com.zaxxer.hikari.HikariDataSource       : HikariPool-1 - Starting...
2019-03-08 13:51:37.136  INFO 66644 --- [main] com.zaxxer.hikari.HikariDataSource       : HikariPool-1 - Start completed.
2019-03-08 13:51:38.958  INFO 66644 --- [main] j.LocalContainerEntityManagerFactoryBean : Initialized JPA EntityManagerFactory for persistence unit 'default'
2019-03-08 13:51:40.695  INFO 66644 --- [main] o.s.s.concurrent.ThreadPoolTaskExecutor  : Initializing ExecutorService 'applicationTaskExecutor'
2019-03-08 13:51:40.793  WARN 66644 --- [main] aWebConfiguration$JpaWebMvcConfiguration : spring.jpa.open-in-view is enabled by default. Therefore, database queries may be performed during view rendering. Explicitly configure spring.jpa.open-in-view to disable this warning
2019-03-08 13:51:41.625  INFO 66644 --- [main] com.ajin.sboot.TestRedis                 : Started TestRedis in 8.353 seconds (JVM running for 9.603)
2019-03-08 13:51:41.914  INFO 66644 --- [main] io.lettuce.core.EpollProvider            : Starting without optional epoll library
2019-03-08 13:51:41.919  INFO 66644 --- [main] io.lettuce.core.KqueueProvider           : Starting without optional kqueue library
2019-03-08 13:51:43.976  INFO 66644 --- [Thread-3] o.s.s.concurrent.ThreadPoolTaskExecutor  : Shutting down ExecutorService 'applicationTaskExecutor'
2019-03-08 13:51:43.977  INFO 66644 --- [Thread-3] j.LocalContainerEntityManagerFactoryBean : Closing JPA EntityManagerFactory for persistence unit 'default'
2019-03-08 13:51:43.979  INFO 66644 --- [Thread-3] com.zaxxer.hikari.HikariDataSource       : HikariPool-1 - Shutdown initiated...
2019-03-08 13:51:43.987  INFO 66644 --- [Thread-3] com.zaxxer.hikari.HikariDataSource       : HikariPool-1 - Shutdown completed.
